# JRE version: OpenJDK Runtime Environment Temurin-21.0.7+6 (21.0.7+6) (build 21.0.7+6-LTS)
# Java VM: OpenJDK 64-Bit Server VM Temurin-21.0.7+6 (21.0.7+6-LTS, mixed mode, sharing, tiered, compressed oops, compressed class ptrs, parallel gc, windows-amd64)
GC Precious Log:
 CardTable entry size: 512
 CPUs: 32 total, 32 available
 Memory: 16088M
 Large Page Support: Disabled
 NUMA Support: Disabled
 Compressed Oops: Enabled (32-bit)
 Alignments: Space 512K, Generation 512K, Heap 2M
 Heap Min Capacity: 100M
 Heap Initial Capacity: 100M
 Heap Max Capacity: 2G
 Pre-touch: Disabled
 Parallel Workers: 23
Heap:
 PSYoungGen      total 6656K, used 2876K [0x00000000d5580000, 0x00000000d5e80000, 0x0000000100000000)
  eden space 4608K, 20% used [0x00000000d5580000,0x00000000d5669890,0x00000000d5a00000)
  from space 2048K, 94% used [0x00000000d5c80000,0x00000000d5e65850,0x00000000d5e80000)
  to   space 2048K, 0% used [0x00000000d5a80000,0x00000000d5a80000,0x00000000d5c80000)
 ParOldGen       total 292352K, used 291848K [0x0000000080000000, 0x0000000091d80000, 0x00000000d5580000)
  object space 292352K, 99% used [0x0000000080000000,0x0000000091d02020,0x0000000091d80000)
 Metaspace       used 91388K, committed 92992K, reserved 1179648K
  class space    used 8850K, committed 9600K, reserved 1048576K
GC Heap History (20 events):
Event: 6798.838 GC heap before
{Heap before GC invocations=9754 (full 9):
 PSYoungGen      total 4608K, used 4234K [0x00000000d5580000, 0x00000000d5c80000, 0x0000000100000000)
  eden space 3072K, 100% used [0x00000000d5580000,0x00000000d5880000,0x00000000d5880000)
  from space 1536K, 75% used [0x00000000d5880000,0x00000000d59a2a58,0x00000000d5a00000)
  to   space 1536K, 0% used [0x00000000d5b00000,0x00000000d5b00000,0x00000000d5c80000)
 ParOldGen       total 285696K, used 285615K [0x0000000080000000, 0x0000000091700000, 0x00000000d5580000)
  object space 285696K, 99% used [0x0000000080000000,0x00000000916ebc10,0x0000000091700000)
 Metaspace       used 91352K, committed 92928K, reserved 1179648K
  class space    used 8850K, committed 9600K, reserved 1048576K
}
Event: 6798.839 GC heap after
{Heap after GC invocations=9754 (full 9):
 PSYoungGen      total 5120K, used 896K [0x00000000d5580000, 0x00000000d5c00000, 0x0000000100000000)
  eden space 4096K, 0% used [0x00000000d5580000,0x00000000d5580000,0x00000000d5980000)
  from space 1024K, 87% used [0x00000000d5b00000,0x00000000d5be0020,0x00000000d5c00000)
  to   space 1024K, 0% used [0x00000000d5a00000,0x00000000d5a00000,0x00000000d5b00000)
 ParOldGen       total 286720K, used 286456K [0x0000000080000000, 0x0000000091800000, 0x00000000d5580000)
  object space 286720K, 99% used [0x0000000080000000,0x00000000917be330,0x0000000091800000)
 Metaspace       used 91352K, committed 92928K, reserved 1179648K
  class space    used 8850K, committed 9600K, reserved 1048576K
}
Event: 6798.846 GC heap before
{Heap before GC invocations=9755 (full 9):
 PSYoungGen      total 5120K, used 4992K [0x00000000d5580000, 0x00000000d5c00000, 0x0000000100000000)
  eden space 4096K, 100% used [0x00000000d5580000,0x00000000d5980000,0x00000000d5980000)
  from space 1024K, 87% used [0x00000000d5b00000,0x00000000d5be0020,0x00000000d5c00000)
  to   space 1024K, 0% used [0x00000000d5a00000,0x00000000d5a00000,0x00000000d5b00000)
 ParOldGen       total 286720K, used 286456K [0x0000000080000000, 0x0000000091800000, 0x00000000d5580000)
  object space 286720K, 99% used [0x0000000080000000,0x00000000917be330,0x0000000091800000)
 Metaspace       used 91355K, committed 92928K, reserved 1179648K
  class space    used 8850K, committed 9600K, reserved 1048576K
}
Event: 6798.847 GC heap after
{Heap after GC invocations=9755 (full 9):
 PSYoungGen      total 5632K, used 1024K [0x00000000d5580000, 0x00000000d5e80000, 0x0000000100000000)
  eden space 4608K, 0% used [0x00000000d5580000,0x00000000d5580000,0x00000000d5a00000)
  from space 1024K, 100% used [0x00000000d5a00000,0x00000000d5b00000,0x00000000d5b00000)
  to   space 2048K, 0% used [0x00000000d5c80000,0x00000000d5c80000,0x00000000d5e80000)
 ParOldGen       total 287232K, used 287208K [0x0000000080000000, 0x0000000091880000, 0x00000000d5580000)
  object space 287232K, 99% used [0x0000000080000000,0x000000009187a350,0x0000000091880000)
 Metaspace       used 91355K, committed 92928K, reserved 1179648K
  class space    used 8850K, committed 9600K, reserved 1048576K
}
Event: 6799.170 GC heap before
{Heap before GC invocations=9756 (full 9):
 PSYoungGen      total 5632K, used 5632K [0x00000000d5580000, 0x00000000d5e80000, 0x0000000100000000)
  eden space 4608K, 100% used [0x00000000d5580000,0x00000000d5a00000,0x00000000d5a00000)
  from space 1024K, 100% used [0x00000000d5a00000,0x00000000d5b00000,0x00000000d5b00000)
  to   space 2048K, 0% used [0x00000000d5c80000,0x00000000d5c80000,0x00000000d5e80000)
 ParOldGen       total 287232K, used 287208K [0x0000000080000000, 0x0000000091880000, 0x00000000d5580000)
  object space 287232K, 99% used [0x0000000080000000,0x000000009187a350,0x0000000091880000)
 Metaspace       used 91356K, committed 92928K, reserved 1179648K
  class space    used 8850K, committed 9600K, reserved 1048576K
}
Event: 6799.171 GC heap after
{Heap after GC invocations=9756 (full 9):
 PSYoungGen      total 6656K, used 1686K [0x00000000d5580000, 0x00000000d5e80000, 0x0000000100000000)
  eden space 4608K, 0% used [0x00000000d5580000,0x00000000d5580000,0x00000000d5a00000)
  from space 2048K, 82% used [0x00000000d5c80000,0x00000000d5e25850,0x00000000d5e80000)
  to   space 2048K, 0% used [0x00000000d5a80000,0x00000000d5a80000,0x00000000d5c80000)
 ParOldGen       total 288256K, used 288057K [0x0000000080000000, 0x0000000091980000, 0x00000000d5580000)
  object space 288256K, 99% used [0x0000000080000000,0x000000009194e5f0,0x0000000091980000)
 Metaspace       used 91356K, committed 92928K, reserved 1179648K
  class space    used 8850K, committed 9600K, reserved 1048576K
}
Event: 6799.179 GC heap before
{Heap before GC invocations=9757 (full 9):
 PSYoungGen      total 6656K, used 6294K [0x00000000d5580000, 0x00000000d5e80000, 0x0000000100000000)
  eden space 4608K, 100% used [0x00000000d5580000,0x00000000d5a00000,0x00000000d5a00000)
  from space 2048K, 82% used [0x00000000d5c80000,0x00000000d5e25850,0x00000000d5e80000)
  to   space 2048K, 0% used [0x00000000d5a80000,0x00000000d5a80000,0x00000000d5c80000)
 ParOldGen       total 288256K, used 288057K [0x0000000080000000, 0x0000000091980000, 0x00000000d5580000)
  object space 288256K, 99% used [0x0000000080000000,0x000000009194e5f0,0x0000000091980000)
 Metaspace       used 91356K, committed 92928K, reserved 1179648K
  class space    used 8850K, committed 9600K, reserved 1048576K
}
Event: 6799.181 GC heap after
{Heap after GC invocations=9757 (full 9):
 PSYoungGen      total 5632K, used 589K [0x00000000d5580000, 0x00000000d5d00000, 0x0000000100000000)
  eden space 4608K, 0% used [0x00000000d5580000,0x00000000d5580000,0x00000000d5a00000)
  from space 1024K, 57% used [0x00000000d5a80000,0x00000000d5b13530,0x00000000d5b80000)
  to   space 1024K, 0% used [0x00000000d5c00000,0x00000000d5c00000,0x00000000d5d00000)
 ParOldGen       total 288256K, used 288174K [0x0000000080000000, 0x0000000091980000, 0x00000000d5580000)
  object space 288256K, 99% used [0x0000000080000000,0x000000009196b978,0x0000000091980000)
 Metaspace       used 91356K, committed 92928K, reserved 1179648K
  class space    used 8850K, committed 9600K, reserved 1048576K
}
Event: 6799.185 GC heap before
{Heap before GC invocations=9758 (full 9):
 PSYoungGen      total 5632K, used 5197K [0x00000000d5580000, 0x00000000d5d00000, 0x0000000100000000)
  eden space 4608K, 100% used [0x00000000d5580000,0x00000000d5a00000,0x00000000d5a00000)
  from space 1024K, 57% used [0x00000000d5a80000,0x00000000d5b13530,0x00000000d5b80000)
  to   space 1024K, 0% used [0x00000000d5c00000,0x00000000d5c00000,0x00000000d5d00000)
 ParOldGen       total 288256K, used 288174K [0x0000000080000000, 0x0000000091980000, 0x00000000d5580000)
  object space 288256K, 99% used [0x0000000080000000,0x000000009196b978,0x0000000091980000)
 Metaspace       used 91356K, committed 92928K, reserved 1179648K
  class space    used 8850K, committed 9600K, reserved 1048576K
}
Event: 6799.186 GC heap after
{Heap after GC invocations=9758 (full 9):
 PSYoungGen      total 5632K, used 698K [0x00000000d5580000, 0x00000000d5d00000, 0x0000000100000000)
  eden space 4608K, 0% used [0x00000000d5580000,0x00000000d5580000,0x00000000d5a00000)
  from space 1024K, 68% used [0x00000000d5c00000,0x00000000d5caea60,0x00000000d5d00000)
  to   space 1024K, 0% used [0x00000000d5a80000,0x00000000d5a80000,0x00000000d5b80000)
 ParOldGen       total 288768K, used 288390K [0x0000000080000000, 0x0000000091a00000, 0x00000000d5580000)
  object space 288768K, 99% used [0x0000000080000000,0x00000000919a1a58,0x0000000091a00000)
 Metaspace       used 91356K, committed 92928K, reserved 1179648K
  class space    used 8850K, committed 9600K, reserved 1048576K
}
Event: 6799.284 GC heap before
{Heap before GC invocations=9759 (full 9):
 PSYoungGen      total 5632K, used 5306K [0x00000000d5580000, 0x00000000d5d00000, 0x0000000100000000)
  eden space 4608K, 100% used [0x00000000d5580000,0x00000000d5a00000,0x00000000d5a00000)
  from space 1024K, 68% used [0x00000000d5c00000,0x00000000d5caea60,0x00000000d5d00000)
  to   space 1024K, 0% used [0x00000000d5a80000,0x00000000d5a80000,0x00000000d5b80000)
 ParOldGen       total 288768K, used 288390K [0x0000000080000000, 0x0000000091a00000, 0x00000000d5580000)
  object space 288768K, 99% used [0x0000000080000000,0x00000000919a1a58,0x0000000091a00000)
 Metaspace       used 91356K, committed 92928K, reserved 1179648K
  class space    used 8850K, committed 9600K, reserved 1048576K
}
Event: 6799.286 GC heap after
{Heap after GC invocations=9759 (full 9):
 PSYoungGen      total 5632K, used 653K [0x00000000d5580000, 0x00000000d5c80000, 0x0000000100000000)
  eden space 4608K, 0% used [0x00000000d5580000,0x00000000d5580000,0x00000000d5a00000)
  from space 1024K, 63% used [0x00000000d5a80000,0x00000000d5b23530,0x00000000d5b80000)
  to   space 1024K, 0% used [0x00000000d5b80000,0x00000000d5b80000,0x00000000d5c80000)
 ParOldGen       total 288768K, used 288438K [0x0000000080000000, 0x0000000091a00000, 0x00000000d5580000)
  object space 288768K, 99% used [0x0000000080000000,0x00000000919ada58,0x0000000091a00000)
 Metaspace       used 91356K, committed 92928K, reserved 1179648K
  class space    used 8850K, committed 9600K, reserved 1048576K
}
Event: 6799.293 GC heap before
{Heap before GC invocations=9760 (full 9):
 PSYoungGen      total 5632K, used 5261K [0x00000000d5580000, 0x00000000d5c80000, 0x0000000100000000)
  eden space 4608K, 100% used [0x00000000d5580000,0x00000000d5a00000,0x00000000d5a00000)
  from space 1024K, 63% used [0x00000000d5a80000,0x00000000d5b23530,0x00000000d5b80000)
  to   space 1024K, 0% used [0x00000000d5b80000,0x00000000d5b80000,0x00000000d5c80000)
 ParOldGen       total 288768K, used 288438K [0x0000000080000000, 0x0000000091a00000, 0x00000000d5580000)
  object space 288768K, 99% used [0x0000000080000000,0x00000000919ada58,0x0000000091a00000)
 Metaspace       used 91357K, committed 92928K, reserved 1179648K
  class space    used 8850K, committed 9600K, reserved 1048576K
}
Event: 6799.296 GC heap after
{Heap after GC invocations=9760 (full 9):
 PSYoungGen      total 5632K, used 1014K [0x00000000d5580000, 0x00000000d5d00000, 0x0000000100000000)
  eden space 4608K, 0% used [0x00000000d5580000,0x00000000d5580000,0x00000000d5a00000)
  from space 1024K, 99% used [0x00000000d5b80000,0x00000000d5c7d830,0x00000000d5c80000)
  to   space 1536K, 0% used [0x00000000d5a00000,0x00000000d5a00000,0x00000000d5b80000)
 ParOldGen       total 288768K, used 288709K [0x0000000080000000, 0x0000000091a00000, 0x00000000d5580000)
  object space 288768K, 99% used [0x0000000080000000,0x00000000919f1478,0x0000000091a00000)
 Metaspace       used 91357K, committed 92928K, reserved 1179648K
  class space    used 8850K, committed 9600K, reserved 1048576K
}
Event: 6799.305 GC heap before
{Heap before GC invocations=9761 (full 9):
 PSYoungGen      total 5632K, used 4805K [0x00000000d5580000, 0x00000000d5d00000, 0x0000000100000000)
  eden space 4608K, 82% used [0x00000000d5580000,0x00000000d5933f08,0x00000000d5a00000)
  from space 1024K, 99% used [0x00000000d5b80000,0x00000000d5c7d830,0x00000000d5c80000)
  to   space 1536K, 0% used [0x00000000d5a00000,0x00000000d5a00000,0x00000000d5b80000)
 ParOldGen       total 288768K, used 288709K [0x0000000080000000, 0x0000000091a00000, 0x00000000d5580000)
  object space 288768K, 99% used [0x0000000080000000,0x00000000919f1478,0x0000000091a00000)
 Metaspace       used 91388K, committed 92992K, reserved 1179648K
  class space    used 8850K, committed 9600K, reserved 1048576K
}
Event: 6799.306 GC heap after
{Heap after GC invocations=9761 (full 9):
 PSYoungGen      total 5632K, used 640K [0x00000000d5580000, 0x00000000d5c00000, 0x0000000100000000)
  eden space 4608K, 0% used [0x00000000d5580000,0x00000000d5580000,0x00000000d5a00000)
  from space 1024K, 62% used [0x00000000d5a00000,0x00000000d5aa0000,0x00000000d5b00000)
  to   space 1024K, 0% used [0x00000000d5b00000,0x00000000d5b00000,0x00000000d5c00000)
 ParOldGen       total 289792K, used 289699K [0x0000000080000000, 0x0000000091b00000, 0x00000000d5580000)
  object space 289792K, 99% used [0x0000000080000000,0x0000000091ae8cf8,0x0000000091b00000)
 Metaspace       used 91388K, committed 92992K, reserved 1179648K
  class space    used 8850K, committed 9600K, reserved 1048576K
}
Event: 6799.413 GC heap before
{Heap before GC invocations=9762 (full 9):
 PSYoungGen      total 5632K, used 5247K [0x00000000d5580000, 0x00000000d5c00000, 0x0000000100000000)
  eden space 4608K, 99% used [0x00000000d5580000,0x00000000d59fffb8,0x00000000d5a00000)
  from space 1024K, 62% used [0x00000000d5a00000,0x00000000d5aa0000,0x00000000d5b00000)
  to   space 1024K, 0% used [0x00000000d5b00000,0x00000000d5b00000,0x00000000d5c00000)
 ParOldGen       total 289792K, used 289699K [0x0000000080000000, 0x0000000091b00000, 0x00000000d5580000)
  object space 289792K, 99% used [0x0000000080000000,0x0000000091ae8cf8,0x0000000091b00000)
 Metaspace       used 91388K, committed 92992K, reserved 1179648K
  class space    used 8850K, committed 9600K, reserved 1048576K
}
Event: 6799.414 GC heap after
{Heap after GC invocations=9762 (full 9):
 PSYoungGen      total 5632K, used 397K [0x00000000d5580000, 0x00000000d5c00000, 0x0000000100000000)
  eden space 4608K, 0% used [0x00000000d5580000,0x00000000d5580000,0x00000000d5a00000)
  from space 1024K, 38% used [0x00000000d5b00000,0x00000000d5b63530,0x00000000d5c00000)
  to   space 1024K, 0% used [0x00000000d5a00000,0x00000000d5a00000,0x00000000d5b00000)
 ParOldGen       total 290304K, used 289989K [0x0000000080000000, 0x0000000091b80000, 0x00000000d5580000)
  object space 290304K, 99% used [0x0000000080000000,0x0000000091b31660,0x0000000091b80000)
 Metaspace       used 91388K, committed 92992K, reserved 1179648K
  class space    used 8850K, committed 9600K, reserved 1048576K
}
Event: 6799.420 GC heap before
{Heap before GC invocations=9763 (full 9):
 PSYoungGen      total 5632K, used 5005K [0x00000000d5580000, 0x00000000d5c00000, 0x0000000100000000)
  eden space 4608K, 100% used [0x00000000d5580000,0x00000000d5a00000,0x00000000d5a00000)
  from space 1024K, 38% used [0x00000000d5b00000,0x00000000d5b63530,0x00000000d5c00000)
  to   space 1024K, 0% used [0x00000000d5a00000,0x00000000d5a00000,0x00000000d5b00000)
 ParOldGen       total 290304K, used 289989K [0x0000000080000000, 0x0000000091b80000, 0x00000000d5580000)
  object space 290304K, 99% used [0x0000000080000000,0x0000000091b31660,0x0000000091b80000)
 Metaspace       used 91388K, committed 92992K, reserved 1179648K
  class space    used 8850K, committed 9600K, reserved 1048576K
}
Event: 6799.421 GC heap after
{Heap after GC invocations=9763 (full 9):
 PSYoungGen      total 5632K, used 1024K [0x00000000d5580000, 0x00000000d5f00000, 0x0000000100000000)
  eden space 4608K, 0% used [0x00000000d5580000,0x00000000d5580000,0x00000000d5a00000)
  from space 1024K, 100% used [0x00000000d5a00000,0x00000000d5b00000,0x00000000d5b00000)
  to   space 2560K, 0% used [0x00000000d5c80000,0x00000000d5c80000,0x00000000d5f00000)
 ParOldGen       total 290816K, used 290808K [0x0000000080000000, 0x0000000091c00000, 0x00000000d5580000)
  object space 290816K, 99% used [0x0000000080000000,0x0000000091bfe020,0x0000000091c00000)
 Metaspace       used 91388K, committed 92992K, reserved 1179648K
  class space    used 8850K, committed 9600K, reserved 1048576K
}

