# JRE version: OpenJDK Runtime Environment Temurin-21.0.7+6 (21.0.7+6) (build 21.0.7+6-LTS)
# Java VM: OpenJDK 64-Bit Server VM Temurin-21.0.7+6 (21.0.7+6-LTS, mixed mode, sharing, tiered, compressed oops, compressed class ptrs, parallel gc, windows-amd64)
GC Precious Log:
 CardTable entry size: 512
 CPUs: 32 total, 32 available
 Memory: 16088M
 Large Page Support: Disabled
 NUMA Support: Disabled
 Compressed Oops: Enabled (32-bit)
 Alignments: Space 512K, Generation 512K, Heap 2M
 Heap Min Capacity: 100M
 Heap Initial Capacity: 100M
 Heap Max Capacity: 2G
 Pre-touch: Disabled
 Parallel Workers: 23
Heap:
 PSYoungGen      total 5120K, used 4075K [0x00000000d5580000, 0x00000000d5d00000, 0x0000000100000000)
  eden space 4608K, 77% used [0x00000000d5580000,0x00000000d58fc720,0x00000000d5a00000)
  from space 512K, 98% used [0x00000000d5b80000,0x00000000d5bfe530,0x00000000d5c00000)
  to   space 1536K, 0% used [0x00000000d5a00000,0x00000000d5a00000,0x00000000d5b80000)
 ParOldGen       total 256000K, used 255817K [0x0000000080000000, 0x000000008fa00000, 0x00000000d5580000)
  object space 256000K, 99% used [0x0000000080000000,0x000000008f9d2640,0x000000008fa00000)
 Metaspace       used 93888K, committed 95488K, reserved 1179648K
  class space    used 8928K, committed 9664K, reserved 1048576K
GC Heap History (20 events):
Event: 4838.823 GC heap before
{Heap before GC invocations=19448 (full 17):
 PSYoungGen      total 5632K, used 5632K [0x00000000d5580000, 0x00000000d5c80000, 0x0000000100000000)
  eden space 5120K, 100% used [0x00000000d5580000,0x00000000d5a80000,0x00000000d5a80000)
  from space 512K, 100% used [0x00000000d5c00000,0x00000000d5c80000,0x00000000d5c80000)
  to   space 1024K, 0% used [0x00000000d5a80000,0x00000000d5a80000,0x00000000d5b80000)
 ParOldGen       total 250368K, used 249866K [0x0000000080000000, 0x000000008f480000, 0x00000000d5580000)
  object space 250368K, 99% used [0x0000000080000000,0x000000008f402878,0x000000008f480000)
 Metaspace       used 93888K, committed 95488K, reserved 1179648K
  class space    used 8928K, committed 9664K, reserved 1048576K
}
Event: 4838.825 GC heap after
{Heap after GC invocations=19448 (full 17):
 PSYoungGen      total 6144K, used 224K [0x00000000d5580000, 0x00000000d5c80000, 0x0000000100000000)
  eden space 5120K, 0% used [0x00000000d5580000,0x00000000d5580000,0x00000000d5a80000)
  from space 1024K, 21% used [0x00000000d5a80000,0x00000000d5ab8000,0x00000000d5b80000)
  to   space 512K, 0% used [0x00000000d5c00000,0x00000000d5c00000,0x00000000d5c80000)
 ParOldGen       total 250368K, used 250363K [0x0000000080000000, 0x000000008f480000, 0x00000000d5580000)
  object space 250368K, 99% used [0x0000000080000000,0x000000008f47ec08,0x000000008f480000)
 Metaspace       used 93888K, committed 95488K, reserved 1179648K
  class space    used 8928K, committed 9664K, reserved 1048576K
}
Event: 4842.154 GC heap before
{Heap before GC invocations=19449 (full 17):
 PSYoungGen      total 6144K, used 5344K [0x00000000d5580000, 0x00000000d5c80000, 0x0000000100000000)
  eden space 5120K, 100% used [0x00000000d5580000,0x00000000d5a80000,0x00000000d5a80000)
  from space 1024K, 21% used [0x00000000d5a80000,0x00000000d5ab8000,0x00000000d5b80000)
  to   space 512K, 0% used [0x00000000d5c00000,0x00000000d5c00000,0x00000000d5c80000)
 ParOldGen       total 250368K, used 250363K [0x0000000080000000, 0x000000008f480000, 0x00000000d5580000)
  object space 250368K, 99% used [0x0000000080000000,0x000000008f47ec08,0x000000008f480000)
 Metaspace       used 93888K, committed 95488K, reserved 1179648K
  class space    used 8928K, committed 9664K, reserved 1048576K
}
Event: 4842.155 GC heap after
{Heap after GC invocations=19449 (full 17):
 PSYoungGen      total 5632K, used 256K [0x00000000d5580000, 0x00000000d5c80000, 0x0000000100000000)
  eden space 5120K, 0% used [0x00000000d5580000,0x00000000d5580000,0x00000000d5a80000)
  from space 512K, 50% used [0x00000000d5c00000,0x00000000d5c40000,0x00000000d5c80000)
  to   space 512K, 0% used [0x00000000d5b80000,0x00000000d5b80000,0x00000000d5c00000)
 ParOldGen       total 250880K, used 250483K [0x0000000080000000, 0x000000008f500000, 0x00000000d5580000)
  object space 250880K, 99% used [0x0000000080000000,0x000000008f49cc08,0x000000008f500000)
 Metaspace       used 93888K, committed 95488K, reserved 1179648K
  class space    used 8928K, committed 9664K, reserved 1048576K
}
Event: 4843.691 GC heap before
{Heap before GC invocations=19450 (full 17):
 PSYoungGen      total 5632K, used 5376K [0x00000000d5580000, 0x00000000d5c80000, 0x0000000100000000)
  eden space 5120K, 100% used [0x00000000d5580000,0x00000000d5a80000,0x00000000d5a80000)
  from space 512K, 50% used [0x00000000d5c00000,0x00000000d5c40000,0x00000000d5c80000)
  to   space 512K, 0% used [0x00000000d5b80000,0x00000000d5b80000,0x00000000d5c00000)
 ParOldGen       total 250880K, used 250483K [0x0000000080000000, 0x000000008f500000, 0x00000000d5580000)
  object space 250880K, 99% used [0x0000000080000000,0x000000008f49cc08,0x000000008f500000)
 Metaspace       used 93888K, committed 95488K, reserved 1179648K
  class space    used 8928K, committed 9664K, reserved 1048576K
}
Event: 4843.692 GC heap after
{Heap after GC invocations=19450 (full 17):
 PSYoungGen      total 5632K, used 256K [0x00000000d5580000, 0x00000000d5c80000, 0x0000000100000000)
  eden space 5120K, 0% used [0x00000000d5580000,0x00000000d5580000,0x00000000d5a80000)
  from space 512K, 50% used [0x00000000d5b80000,0x00000000d5bc0000,0x00000000d5c00000)
  to   space 512K, 0% used [0x00000000d5c00000,0x00000000d5c00000,0x00000000d5c80000)
 ParOldGen       total 250880K, used 250491K [0x0000000080000000, 0x000000008f500000, 0x00000000d5580000)
  object space 250880K, 99% used [0x0000000080000000,0x000000008f49ec08,0x000000008f500000)
 Metaspace       used 93888K, committed 95488K, reserved 1179648K
  class space    used 8928K, committed 9664K, reserved 1048576K
}
Event: 4846.173 GC heap before
{Heap before GC invocations=19451 (full 17):
 PSYoungGen      total 5632K, used 5375K [0x00000000d5580000, 0x00000000d5c80000, 0x0000000100000000)
  eden space 5120K, 99% used [0x00000000d5580000,0x00000000d5a7fff8,0x00000000d5a80000)
  from space 512K, 50% used [0x00000000d5b80000,0x00000000d5bc0000,0x00000000d5c00000)
  to   space 512K, 0% used [0x00000000d5c00000,0x00000000d5c00000,0x00000000d5c80000)
 ParOldGen       total 250880K, used 250491K [0x0000000080000000, 0x000000008f500000, 0x00000000d5580000)
  object space 250880K, 99% used [0x0000000080000000,0x000000008f49ec08,0x000000008f500000)
 Metaspace       used 93888K, committed 95488K, reserved 1179648K
  class space    used 8928K, committed 9664K, reserved 1048576K
}
Event: 4846.175 GC heap after
{Heap after GC invocations=19451 (full 17):
 PSYoungGen      total 5120K, used 512K [0x00000000d5580000, 0x00000000d5e80000, 0x0000000100000000)
  eden space 4608K, 0% used [0x00000000d5580000,0x00000000d5580000,0x00000000d5a00000)
  from space 512K, 100% used [0x00000000d5c00000,0x00000000d5c80000,0x00000000d5c80000)
  to   space 2048K, 0% used [0x00000000d5a00000,0x00000000d5a00000,0x00000000d5c00000)
 ParOldGen       total 251904K, used 251430K [0x0000000080000000, 0x000000008f600000, 0x00000000d5580000)
  object space 251904K, 99% used [0x0000000080000000,0x000000008f589848,0x000000008f600000)
 Metaspace       used 93888K, committed 95488K, reserved 1179648K
  class space    used 8928K, committed 9664K, reserved 1048576K
}
Event: 4846.887 GC heap before
{Heap before GC invocations=19452 (full 17):
 PSYoungGen      total 5120K, used 5120K [0x00000000d5580000, 0x00000000d5e80000, 0x0000000100000000)
  eden space 4608K, 100% used [0x00000000d5580000,0x00000000d5a00000,0x00000000d5a00000)
  from space 512K, 100% used [0x00000000d5c00000,0x00000000d5c80000,0x00000000d5c80000)
  to   space 2048K, 0% used [0x00000000d5a00000,0x00000000d5a00000,0x00000000d5c00000)
 ParOldGen       total 251904K, used 251430K [0x0000000080000000, 0x000000008f600000, 0x00000000d5580000)
  object space 251904K, 99% used [0x0000000080000000,0x000000008f589848,0x000000008f600000)
 Metaspace       used 93888K, committed 95488K, reserved 1179648K
  class space    used 8928K, committed 9664K, reserved 1048576K
}
Event: 4846.888 GC heap after
{Heap after GC invocations=19452 (full 17):
 PSYoungGen      total 5120K, used 448K [0x00000000d5580000, 0x00000000d5c80000, 0x0000000100000000)
  eden space 4608K, 0% used [0x00000000d5580000,0x00000000d5580000,0x00000000d5a00000)
  from space 512K, 87% used [0x00000000d5a00000,0x00000000d5a70000,0x00000000d5a80000)
  to   space 1024K, 0% used [0x00000000d5b80000,0x00000000d5b80000,0x00000000d5c80000)
 ParOldGen       total 252416K, used 251971K [0x0000000080000000, 0x000000008f680000, 0x00000000d5580000)
  object space 252416K, 99% used [0x0000000080000000,0x000000008f610fd0,0x000000008f680000)
 Metaspace       used 93888K, committed 95488K, reserved 1179648K
  class space    used 8928K, committed 9664K, reserved 1048576K
}
Event: 4846.891 GC heap before
{Heap before GC invocations=19453 (full 17):
 PSYoungGen      total 5120K, used 5009K [0x00000000d5580000, 0x00000000d5c80000, 0x0000000100000000)
  eden space 4608K, 98% used [0x00000000d5580000,0x00000000d59f4738,0x00000000d5a00000)
  from space 512K, 87% used [0x00000000d5a00000,0x00000000d5a70000,0x00000000d5a80000)
  to   space 1024K, 0% used [0x00000000d5b80000,0x00000000d5b80000,0x00000000d5c80000)
 ParOldGen       total 252416K, used 251971K [0x0000000080000000, 0x000000008f680000, 0x00000000d5580000)
  object space 252416K, 99% used [0x0000000080000000,0x000000008f610fd0,0x000000008f680000)
 Metaspace       used 93888K, committed 95488K, reserved 1179648K
  class space    used 8928K, committed 9664K, reserved 1048576K
}
Event: 4846.892 GC heap after
{Heap after GC invocations=19453 (full 17):
 PSYoungGen      total 5632K, used 607K [0x00000000d5580000, 0x00000000d5c80000, 0x0000000100000000)
  eden space 4608K, 0% used [0x00000000d5580000,0x00000000d5580000,0x00000000d5a00000)
  from space 1024K, 59% used [0x00000000d5b80000,0x00000000d5c17fa0,0x00000000d5c80000)
  to   space 1024K, 0% used [0x00000000d5a80000,0x00000000d5a80000,0x00000000d5b80000)
 ParOldGen       total 253952K, used 253551K [0x0000000080000000, 0x000000008f800000, 0x00000000d5580000)
  object space 253952K, 99% used [0x0000000080000000,0x000000008f79bc78,0x000000008f800000)
 Metaspace       used 93888K, committed 95488K, reserved 1179648K
  class space    used 8928K, committed 9664K, reserved 1048576K
}
Event: 4846.942 GC heap before
{Heap before GC invocations=19454 (full 17):
 PSYoungGen      total 5632K, used 5215K [0x00000000d5580000, 0x00000000d5c80000, 0x0000000100000000)
  eden space 4608K, 100% used [0x00000000d5580000,0x00000000d5a00000,0x00000000d5a00000)
  from space 1024K, 59% used [0x00000000d5b80000,0x00000000d5c17fa0,0x00000000d5c80000)
  to   space 1024K, 0% used [0x00000000d5a80000,0x00000000d5a80000,0x00000000d5b80000)
 ParOldGen       total 253952K, used 253551K [0x0000000080000000, 0x000000008f800000, 0x00000000d5580000)
  object space 253952K, 99% used [0x0000000080000000,0x000000008f79bc78,0x000000008f800000)
 Metaspace       used 93888K, committed 95488K, reserved 1179648K
  class space    used 8928K, committed 9664K, reserved 1048576K
}
Event: 4846.943 GC heap after
{Heap after GC invocations=19454 (full 17):
 PSYoungGen      total 5632K, used 1024K [0x00000000d5580000, 0x00000000d5d00000, 0x0000000100000000)
  eden space 4608K, 0% used [0x00000000d5580000,0x00000000d5580000,0x00000000d5a00000)
  from space 1024K, 100% used [0x00000000d5a80000,0x00000000d5b80000,0x00000000d5b80000)
  to   space 1536K, 0% used [0x00000000d5b80000,0x00000000d5b80000,0x00000000d5d00000)
 ParOldGen       total 253952K, used 253818K [0x0000000080000000, 0x000000008f800000, 0x00000000d5580000)
  object space 253952K, 99% used [0x0000000080000000,0x000000008f7deb80,0x000000008f800000)
 Metaspace       used 93888K, committed 95488K, reserved 1179648K
  class space    used 8928K, committed 9664K, reserved 1048576K
}
Event: 4846.946 GC heap before
{Heap before GC invocations=19455 (full 17):
 PSYoungGen      total 5632K, used 4903K [0x00000000d5580000, 0x00000000d5d00000, 0x0000000100000000)
  eden space 4608K, 84% used [0x00000000d5580000,0x00000000d5949eb0,0x00000000d5a00000)
  from space 1024K, 100% used [0x00000000d5a80000,0x00000000d5b80000,0x00000000d5b80000)
  to   space 1536K, 0% used [0x00000000d5b80000,0x00000000d5b80000,0x00000000d5d00000)
 ParOldGen       total 253952K, used 253818K [0x0000000080000000, 0x000000008f800000, 0x00000000d5580000)
  object space 253952K, 99% used [0x0000000080000000,0x000000008f7deb80,0x000000008f800000)
 Metaspace       used 93888K, committed 95488K, reserved 1179648K
  class space    used 8928K, committed 9664K, reserved 1048576K
}
Event: 4846.947 GC heap after
{Heap after GC invocations=19455 (full 17):
 PSYoungGen      total 5632K, used 736K [0x00000000d5580000, 0x00000000d5c80000, 0x0000000100000000)
  eden space 4608K, 0% used [0x00000000d5580000,0x00000000d5580000,0x00000000d5a00000)
  from space 1024K, 71% used [0x00000000d5b80000,0x00000000d5c38000,0x00000000d5c80000)
  to   space 1024K, 0% used [0x00000000d5a80000,0x00000000d5a80000,0x00000000d5b80000)
 ParOldGen       total 254976K, used 254861K [0x0000000080000000, 0x000000008f900000, 0x00000000d5580000)
  object space 254976K, 99% used [0x0000000080000000,0x000000008f8e3730,0x000000008f900000)
 Metaspace       used 93888K, committed 95488K, reserved 1179648K
  class space    used 8928K, committed 9664K, reserved 1048576K
}
Event: 4846.949 GC heap before
{Heap before GC invocations=19456 (full 17):
 PSYoungGen      total 5632K, used 5344K [0x00000000d5580000, 0x00000000d5c80000, 0x0000000100000000)
  eden space 4608K, 100% used [0x00000000d5580000,0x00000000d5a00000,0x00000000d5a00000)
  from space 1024K, 71% used [0x00000000d5b80000,0x00000000d5c38000,0x00000000d5c80000)
  to   space 1024K, 0% used [0x00000000d5a80000,0x00000000d5a80000,0x00000000d5b80000)
 ParOldGen       total 254976K, used 254861K [0x0000000080000000, 0x000000008f900000, 0x00000000d5580000)
  object space 254976K, 99% used [0x0000000080000000,0x000000008f8e3730,0x000000008f900000)
 Metaspace       used 93888K, committed 95488K, reserved 1179648K
  class space    used 8928K, committed 9664K, reserved 1048576K
}
Event: 4846.950 GC heap after
{Heap after GC invocations=19456 (full 17):
 PSYoungGen      total 5632K, used 320K [0x00000000d5580000, 0x00000000d5c00000, 0x0000000100000000)
  eden space 4608K, 0% used [0x00000000d5580000,0x00000000d5580000,0x00000000d5a00000)
  from space 1024K, 31% used [0x00000000d5a80000,0x00000000d5ad0000,0x00000000d5b80000)
  to   space 512K, 0% used [0x00000000d5b80000,0x00000000d5b80000,0x00000000d5c00000)
 ParOldGen       total 255488K, used 255313K [0x0000000080000000, 0x000000008f980000, 0x00000000d5580000)
  object space 255488K, 99% used [0x0000000080000000,0x000000008f954640,0x000000008f980000)
 Metaspace       used 93888K, committed 95488K, reserved 1179648K
  class space    used 8928K, committed 9664K, reserved 1048576K
}
Event: 4846.954 GC heap before
{Heap before GC invocations=19457 (full 17):
 PSYoungGen      total 5632K, used 4928K [0x00000000d5580000, 0x00000000d5c00000, 0x0000000100000000)
  eden space 4608K, 100% used [0x00000000d5580000,0x00000000d5a00000,0x00000000d5a00000)
  from space 1024K, 31% used [0x00000000d5a80000,0x00000000d5ad0000,0x00000000d5b80000)
  to   space 512K, 0% used [0x00000000d5b80000,0x00000000d5b80000,0x00000000d5c00000)
 ParOldGen       total 255488K, used 255313K [0x0000000080000000, 0x000000008f980000, 0x00000000d5580000)
  object space 255488K, 99% used [0x0000000080000000,0x000000008f954640,0x000000008f980000)
 Metaspace       used 93888K, committed 95488K, reserved 1179648K
  class space    used 8928K, committed 9664K, reserved 1048576K
}
Event: 4846.955 GC heap after
{Heap after GC invocations=19457 (full 17):
 PSYoungGen      total 5120K, used 505K [0x00000000d5580000, 0x00000000d5d00000, 0x0000000100000000)
  eden space 4608K, 0% used [0x00000000d5580000,0x00000000d5580000,0x00000000d5a00000)
  from space 512K, 98% used [0x00000000d5b80000,0x00000000d5bfe530,0x00000000d5c00000)
  to   space 1536K, 0% used [0x00000000d5a00000,0x00000000d5a00000,0x00000000d5b80000)
 ParOldGen       total 256000K, used 255817K [0x0000000080000000, 0x000000008fa00000, 0x00000000d5580000)
  object space 256000K, 99% used [0x0000000080000000,0x000000008f9d2640,0x000000008fa00000)
 Metaspace       used 93888K, committed 95488K, reserved 1179648K
  class space    used 8928K, committed 9664K, reserved 1048576K
}

